Using pre-set license
Built from '2021.1/staging' branch; Version is '2021.1.3f1 (4bef613afd59) revision 4976481'; Using compiler version '192528614'; Build Type 'Release'
OS: 'Windows 10 Pro; OS build 19042.928; Version 2009; 64bit' Language: 'pt' Physical Memory: 16315 MB
BatchMode: 1, IsHumanControllingUs: 0, StartBugReporterOnCrash: 0, Is64bit: 1, IsPro: 0

 COMMAND LINE ARGUMENTS:
C:\Program Files\Unity\Hub\Editor\2021.1.3f1\Editor\Unity.exe
-adb2
-batchMode
-noUpm
-name
AssetImportWorker0
-projectPath
E:/Unity_projects/eeeee/eeeee/eeeee
-logFile
Logs/AssetImportWorker0.log
-srvPort
55688
Successfully changed project path to: E:/Unity_projects/eeeee/eeeee/eeeee
E:/Unity_projects/eeeee/eeeee/eeeee
Using Asset Import Pipeline V2.
Refreshing native plugins compatible for Editor in 27.07 ms, found 0 plugins.
Preloading 0 native plugins for Editor in 0.00 ms.
Initialize engine version: 2021.1.3f1 (4bef613afd59)
[Subsystems] Discovering subsystems at path C:/Program Files/Unity/Hub/Editor/2021.1.3f1/Editor/Data/Resources/UnitySubsystems
[Subsystems] Discovering subsystems at path E:/Unity_projects/eeeee/eeeee/eeeee/Assets
GfxDevice: creating device client; threaded=0; jobified=0
Direct3D:
    Version:  Direct3D 11.0 [level 11.1]
    Renderer: Radeon RX 580 Series (ID=0x67df)
    Vendor:   ATI
    VRAM:     8171 MB
    Driver:   27.20.15003.1004
Initialize mono
Mono path[0] = 'C:/Program Files/Unity/Hub/Editor/2021.1.3f1/Editor/Data/Managed'
Mono path[1] = 'C:/Program Files/Unity/Hub/Editor/2021.1.3f1/Editor/Data/MonoBleedingEdge/lib/mono/unityjit'
Mono config path = 'C:/Program Files/Unity/Hub/Editor/2021.1.3f1/Editor/Data/MonoBleedingEdge/etc'
Using monoOptions --debugger-agent=transport=dt_socket,embedding=1,server=y,suspend=n,address=127.0.0.1:56420
Begin MonoManager ReloadAssembly
Registering precompiled unity dll's ...
Register platform support module: C:/Program Files/Unity/Hub/Editor/2021.1.3f1/Editor/Data/PlaybackEngines/WindowsStandaloneSupport/UnityEditor.WindowsStandalone.Extensions.dll
Registered in 0.002661 seconds.
Native extension for WindowsStandalone target not found
Refreshing native plugins compatible for Editor in 28.22 ms, found 0 plugins.
Preloading 0 native plugins for Editor in 0.00 ms.
Mono: successfully reloaded assembly
- Completed reload, in  1.524 seconds
Platform modules already initialized, skipping
Registering precompiled user dll's ...
Registered in 0.000785 seconds.
Begin MonoManager ReloadAssembly
Native extension for WindowsStandalone target not found
Refreshing native plugins compatible for Editor in 0.20 ms, found 0 plugins.
Preloading 0 native plugins for Editor in 0.00 ms.
Mono: successfully reloaded assembly
- Completed reload, in  0.965 seconds
Platform modules already initialized, skipping
========================================================================
Worker process is ready to serve import requests
Launched and connected shader compiler UnityShaderCompiler.exe after 0.05 seconds
Refreshing native plugins compatible for Editor in 0.21 ms, found 0 plugins.
Preloading 0 native plugins for Editor in 0.00 ms.
Unloading 1125 Unused Serialized files (Serialized files now loaded: 0)
System memory in use before: 58.2 MB.
System memory in use after: 58.2 MB.

Unloading 9 unused Assets to reduce memory usage. Loaded Objects now: 1583.
Total: 2.235300 ms (FindLiveObjects: 0.144300 ms CreateObjectMapping: 0.030600 ms MarkObjects: 2.004500 ms  DeleteObjects: 0.055000 ms)

========================================================================
Received Import Request.
  path: Assets
  artifactKey: Guid(00000000000000001000000000000000) Importer(815301076,1909f56bfc062723c751e8b465ee728b)
Start importing Assets using Guid(00000000000000001000000000000000) Importer(815301076,1909f56bfc062723c751e8b465ee728b)  -> (artifact id: 'efcc68737208a1d7a8581e190ec11b99') in 0.021496 seconds 
========================================================================
Received Import Request.
  Time since last request: 3.441549 seconds.
  path: Assets/Prefabs
  artifactKey: Guid(754c61f3f779b4a4492cd2f528976a05) Importer(815301076,1909f56bfc062723c751e8b465ee728b)
Start importing Assets/Prefabs using Guid(754c61f3f779b4a4492cd2f528976a05) Importer(815301076,1909f56bfc062723c751e8b465ee728b)  -> (artifact id: '1c2460d254f9a1178fb27d2279f9ac67') in 0.021693 seconds 
========================================================================
Received Import Request.
  Time since last request: 5.695312 seconds.
  path: Assets/Scripts
  artifactKey: Guid(1148522f89635a6449391ab15feb0274) Importer(815301076,1909f56bfc062723c751e8b465ee728b)
Start importing Assets/Scripts using Guid(1148522f89635a6449391ab15feb0274) Importer(815301076,1909f56bfc062723c751e8b465ee728b)  -> (artifact id: '01a77069d5a02b365d7832d95dd6a0e1') in 0.021393 seconds 
========================================================================
Received Import Request.
  Time since last request: 6.103013 seconds.
  path: Assets/Sprites
  artifactKey: Guid(fbb28664046511b49b52e12a29039362) Importer(815301076,1909f56bfc062723c751e8b465ee728b)
Start importing Assets/Sprites using Guid(fbb28664046511b49b52e12a29039362) Importer(815301076,1909f56bfc062723c751e8b465ee728b)  -> (artifact id: '66ff89d829a7a040b538c4baa72ed3b8') in 0.021117 seconds 
========================================================================
Received Import Request.
  Time since last request: 8.143325 seconds.
  path: Assets/Scripts/test.cs
  artifactKey: Guid(81c47151d2d4daa4694f1b21233a366d) Importer(815301076,1909f56bfc062723c751e8b465ee728b)
Start importing Assets/Scripts/test.cs using Guid(81c47151d2d4daa4694f1b21233a366d) Importer(815301076,1909f56bfc062723c751e8b465ee728b)  -> (artifact id: '9b45d938ded0775ee5ee3cf3f02a6dcd') in 0.039606 seconds 
========================================================================
Received Prepare
Registering precompiled user dll's ...
Registered in 0.000858 seconds.
Begin MonoManager ReloadAssembly
Native extension for WindowsStandalone target not found
Refreshing native plugins compatible for Editor in 0.31 ms, found 0 plugins.
Preloading 0 native plugins for Editor in 0.00 ms.
Mono: successfully reloaded assembly
- Completed reload, in  1.075 seconds
Platform modules already initialized, skipping
Refreshing native plugins compatible for Editor in 0.27 ms, found 0 plugins.
Preloading 0 native plugins for Editor in 0.00 ms.
Unloading 1121 Unused Serialized files (Serialized files now loaded: 0)
System memory in use before: 58.2 MB.
System memory in use after: 58.2 MB.

Unloading 4 unused Assets to reduce memory usage. Loaded Objects now: 1587.
Total: 2.657400 ms (FindLiveObjects: 0.145600 ms CreateObjectMapping: 0.030200 ms MarkObjects: 2.464900 ms  DeleteObjects: 0.015000 ms)

AssetImportWorkerClient::OnTransportError - code=2 error=End of file
